Feb 14, 2015 5:15:03 PM org.eclipse.birt.report.engine.api.impl.EngineLogger createFileLogger
WARNING: Couldn't get lock for /var/log/ReportEngine_2015_02_14_17_15_03.log
java.io.IOException: Couldn't get lock for /var/log/ReportEngine_2015_02_14_17_15_03.log
	at java.util.logging.FileHandler.openFiles(FileHandler.java:389)
	at java.util.logging.FileHandler.<init>(FileHandler.java:363)
	at org.eclipse.birt.report.engine.api.impl.EngineLogger.createFileLogger(EngineLogger.java:276)
	at org.eclipse.birt.report.engine.api.impl.EngineLogger.startEngineLogging(EngineLogger.java:114)
	at org.eclipse.birt.report.engine.api.impl.ReportEngine.intializeLogger(ReportEngine.java:223)
	at org.eclipse.birt.report.engine.api.impl.ReportEngine.<init>(ReportEngine.java:134)
	at org.eclipse.birt.report.engine.api.impl.ReportEngineFactory$1.run(ReportEngineFactory.java:18)
	at org.eclipse.birt.report.engine.api.impl.ReportEngineFactory$1.run(ReportEngineFactory.java:1)
	at java.security.AccessController.doPrivileged(Native Method)
	at org.eclipse.birt.report.engine.api.impl.ReportEngineFactory.createReportEngine(ReportEngineFactory.java:14)
	at org.apache.nifi.ext.processors.BirtReport.createEngine(BirtReport.java:267)
	at org.apache.nifi.ext.processors.BirtReport.createEngine(BirtReport.java:141)
	at sun.reflect.NativeMethodAccessorImpl.invoke0(Native Method)
	at sun.reflect.NativeMethodAccessorImpl.invoke(NativeMethodAccessorImpl.java:57)
	at sun.reflect.DelegatingMethodAccessorImpl.invoke(DelegatingMethodAccessorImpl.java:43)
	at java.lang.reflect.Method.invoke(Method.java:606)
	at org.apache.nifi.util.ReflectionUtils.invokeMethodsWithAnnotation(ReflectionUtils.java:67)
	at org.apache.nifi.util.StandardProcessorTestRunner.run(StandardProcessorTestRunner.java:138)
	at org.apache.nifi.util.StandardProcessorTestRunner.run(StandardProcessorTestRunner.java:124)
	at org.apache.nifi.util.StandardProcessorTestRunner.run(StandardProcessorTestRunner.java:119)
	at org.apache.nifi.util.StandardProcessorTestRunner.run(StandardProcessorTestRunner.java:114)
	at org.apache.nifi.ext.processors.TestBirtReport.testXmlContent(TestBirtReport.java:149)
	at sun.reflect.NativeMethodAccessorImpl.invoke0(Native Method)
	at sun.reflect.NativeMethodAccessorImpl.invoke(NativeMethodAccessorImpl.java:57)
	at sun.reflect.DelegatingMethodAccessorImpl.invoke(DelegatingMethodAccessorImpl.java:43)
	at java.lang.reflect.Method.invoke(Method.java:606)
	at org.junit.runners.model.FrameworkMethod$1.runReflectiveCall(FrameworkMethod.java:50)
	at org.junit.internal.runners.model.ReflectiveCallable.run(ReflectiveCallable.java:12)
	at org.junit.runners.model.FrameworkMethod.invokeExplosively(FrameworkMethod.java:47)
	at org.junit.internal.runners.statements.InvokeMethod.evaluate(InvokeMethod.java:17)
	at org.junit.runners.ParentRunner.runLeaf(ParentRunner.java:325)
	at org.junit.runners.BlockJUnit4ClassRunner.runChild(BlockJUnit4ClassRunner.java:78)
	at org.junit.runners.BlockJUnit4ClassRunner.runChild(BlockJUnit4ClassRunner.java:57)
	at org.junit.runners.ParentRunner$3.run(ParentRunner.java:290)
	at org.junit.runners.ParentRunner$1.schedule(ParentRunner.java:71)
	at org.junit.runners.ParentRunner.runChildren(ParentRunner.java:288)
	at org.junit.runners.ParentRunner.access$000(ParentRunner.java:58)
	at org.junit.runners.ParentRunner$2.evaluate(ParentRunner.java:268)
	at org.junit.runners.ParentRunner.run(ParentRunner.java:363)
	at org.eclipse.jdt.internal.junit4.runner.JUnit4TestReference.run(JUnit4TestReference.java:50)
	at org.eclipse.jdt.internal.junit.runner.TestExecution.run(TestExecution.java:38)
	at org.eclipse.jdt.internal.junit.runner.RemoteTestRunner.runTests(RemoteTestRunner.java:459)
	at org.eclipse.jdt.internal.junit.runner.RemoteTestRunner.runTests(RemoteTestRunner.java:675)
	at org.eclipse.jdt.internal.junit.runner.RemoteTestRunner.run(RemoteTestRunner.java:382)
	at org.eclipse.jdt.internal.junit.runner.RemoteTestRunner.main(RemoteTestRunner.java:192)

